<?xml version="1.0" encoding="UTF-8"?>
<!-- Generated by org.testng.reporters.JUnitReportReporter -->
<testsuite skipped="0" hostname="LAPTOP-2P4F1EE2" name="Authentication.BasicAuthTest" tests="1" failures="0" timestamp="2022-11-04T15:06:55 IST" time="3.885" errors="0">
  <testcase name="basicAuthTest" time="3.885" classname="Authentication.BasicAuthTest"/>
  <system-out/>
</testsuite> <!-- Authentication.BasicAuthTest -->
