<?xml version="1.0" encoding="UTF-8"?>
<!-- Generated by org.testng.reporters.JUnitReportReporter -->
<testsuite skipped="0" hostname="LAPTOP-2P4F1EE2" name="CRUDOperationsUsingTDD.GetRequest2Test" tests="1" failures="0" timestamp="2022-11-05T16:05:26 IST" time="1.788" errors="0">
  <testcase name="getRequest2Test" time="1.788" classname="CRUDOperationsUsingTDD.GetRequest2Test"/>
  <system-out/>
</testsuite> <!-- CRUDOperationsUsingTDD.GetRequest2Test -->
