<?xml version="1.0" encoding="UTF-8"?>
<!-- Generated by org.testng.reporters.JUnitReportReporter -->
<testsuite skipped="0" hostname="LAPTOP-2P4F1EE2" name="Authentication.BearerTokenTest" tests="1" failures="0" timestamp="2022-11-04T15:10:54 IST" time="4.470" errors="0">
  <testcase name="bearerTokenTest" time="4.470" classname="Authentication.BearerTokenTest"/>
  <system-out/>
</testsuite> <!-- Authentication.BearerTokenTest -->
