<?xml version="1.0" encoding="UTF-8"?>
<!-- Generated by org.testng.reporters.JUnitReportReporter -->
<testsuite skipped="0" hostname="LAPTOP-2P4F1EE2" name="CRUDOperationsUsingTDD.DeleteRequestTest" tests="1" failures="0" timestamp="2022-11-05T16:06:49 IST" time="1.358" errors="0">
  <testcase name="deleteRequestTest" time="1.358" classname="CRUDOperationsUsingTDD.DeleteRequestTest"/>
  <system-out/>
</testsuite> <!-- CRUDOperationsUsingTDD.DeleteRequestTest -->
