<?xml version="1.0" encoding="UTF-8"?>
<!-- Generated by org.testng.reporters.JUnitReportReporter -->
<testsuite skipped="0" hostname="LAPTOP-2P4F1EE2" name="CRUDOperationsUsingTDD.PostRequestTest" tests="1" failures="0" timestamp="2022-11-05T15:27:28 IST" time="2.289" errors="0">
  <testcase name="postRequestTest" time="2.289" classname="CRUDOperationsUsingTDD.PostRequestTest"/>
  <system-out/>
</testsuite> <!-- CRUDOperationsUsingTDD.PostRequestTest -->
