<?xml version="1.0" encoding="UTF-8"?>
<!-- Generated by org.testng.reporters.JUnitReportReporter -->
<testsuite skipped="0" hostname="LAPTOP-2P4F1EE2" name="CRUDOperationsUsingTDD.GetRequest1Test" tests="1" failures="0" timestamp="2022-11-04T16:40:56 IST" time="1.461" errors="0">
  <testcase name="getRequestTest" time="1.461" classname="CRUDOperationsUsingTDD.GetRequest1Test"/>
  <system-out/>
</testsuite> <!-- CRUDOperationsUsingTDD.GetRequest1Test -->
