<?xml version="1.0" encoding="UTF-8"?>
<!-- Generated by org.testng.reporters.JUnitReportReporter -->
<testsuite skipped="0" hostname="LAPTOP-2P4F1EE2" name="Authentication.DigestAuthTest" tests="1" failures="0" timestamp="2022-11-06T22:58:51 IST" time="2.299" errors="0">
  <testcase name="digestAuthTest" time="2.299" classname="Authentication.DigestAuthTest"/>
  <system-out/>
</testsuite> <!-- Authentication.DigestAuthTest -->
