<?xml version="1.0" encoding="UTF-8"?>
<!-- Generated by org.testng.reporters.JUnitReportReporter -->
<testsuite skipped="0" hostname="LAPTOP-2P4F1EE2" name="CRUDOperationsUsingTDD.PutRequestTest" tests="1" failures="0" timestamp="2022-11-05T15:38:39 IST" time="1.571" errors="0">
  <testcase name="putRequestTest" time="1.571" classname="CRUDOperationsUsingTDD.PutRequestTest"/>
  <system-out/>
</testsuite> <!-- CRUDOperationsUsingTDD.PutRequestTest -->
